<?xml version="1.0" encoding="UTF-8"?>
<testng-results ignored="0" total="2" passed="2" failed="0" skipped="0">
  <reporter-output>
  </reporter-output>
  <suite started-at="2023-01-05T12:26:45 EST" name="Suite" finished-at="2023-01-05T12:27:12 EST" duration-ms="26431">
    <groups>
      <group name="cucumber">
        <method signature="AbstractTestNGCucumberTests.runScenario(io.cucumber.testng.PickleWrapper,io.cucumber.testng.FeatureWrapper)[pri:0, instance:com.runner.Runner@8297b3a]" name="runScenario" class="io.cucumber.testng.AbstractTestNGCucumberTests"/>
        <method signature="AbstractTestNGCucumberTests.runScenario(io.cucumber.testng.PickleWrapper,io.cucumber.testng.FeatureWrapper)[pri:0, instance:com.runner.Runner@7494f96a]" name="runScenario" class="io.cucumber.testng.AbstractTestNGCucumberTests"/>
      </group> <!-- cucumber -->
    </groups>
    <test started-at="2023-01-05T12:26:45 EST" name="Test" finished-at="2023-01-05T12:26:59 EST" duration-ms="13920">
      <class name="com.runner.Runner">
        <test-method is-config="true" signature="defineBrowser(java.lang.String)[pri:0, instance:com.runner.Runner@8297b3a]" started-at="2023-01-05T12:26:45 EST" name="defineBrowser" finished-at="2023-01-05T12:26:46 EST" duration-ms="32" status="PASS">
          <params>
            <param index="0">
              <value>
                <![CDATA[chrome]]>
              </value>
            </param>
          </params>
          <reporter-output>
          </reporter-output>
        </test-method> <!-- defineBrowser -->
        <test-method is-config="true" signature="setUpClass(org.testng.ITestContext)[pri:0, instance:com.runner.Runner@8297b3a]" started-at="2023-01-05T12:26:46 EST" name="setUpClass" finished-at="2023-01-05T12:26:51 EST" duration-ms="5165" status="PASS">
          <params>
            <param index="0">
              <value>
                <![CDATA[org.testng.TestRunner@3ef3f661]]>
              </value>
            </param>
          </params>
          <reporter-output>
          </reporter-output>
        </test-method> <!-- setUpClass -->
        <test-method signature="runScenario(io.cucumber.testng.PickleWrapper,io.cucumber.testng.FeatureWrapper)[pri:0, instance:com.runner.Runner@8297b3a]" started-at="2023-01-05T12:26:51 EST" name="runScenario" description="Runs Cucumber Scenarios" data-provider="scenarios" finished-at="2023-01-05T12:26:59 EST" duration-ms="8511" status="PASS">
          <params>
            <param index="0">
              <value>
                <![CDATA["validation of Start Page"]]>
              </value>
            </param>
            <param index="1">
              <value>
                <![CDATA["Optional[Start page]"]]>
              </value>
            </param>
          </params>
          <reporter-output>
          </reporter-output>
        </test-method> <!-- runScenario -->
        <test-method is-config="true" signature="tearDownClass()[pri:0, instance:com.runner.Runner@8297b3a]" started-at="2023-01-05T12:26:59 EST" name="tearDownClass" finished-at="2023-01-05T12:26:59 EST" duration-ms="109" status="PASS">
          <reporter-output>
          </reporter-output>
        </test-method> <!-- tearDownClass -->
      </class> <!-- com.runner.Runner -->
    </test> <!-- Test -->
    <test started-at="2023-01-05T12:26:59 EST" name="Test1" finished-at="2023-01-05T12:27:12 EST" duration-ms="12447">
      <class name="com.runner.Runner">
        <test-method is-config="true" signature="defineBrowser(java.lang.String)[pri:0, instance:com.runner.Runner@7494f96a]" started-at="2023-01-05T12:26:59 EST" name="defineBrowser" finished-at="2023-01-05T12:26:59 EST" duration-ms="1" status="PASS">
          <params>
            <param index="0">
              <value>
                <![CDATA[edge]]>
              </value>
            </param>
          </params>
          <reporter-output>
          </reporter-output>
        </test-method> <!-- defineBrowser -->
        <test-method is-config="true" signature="setUpClass(org.testng.ITestContext)[pri:0, instance:com.runner.Runner@7494f96a]" started-at="2023-01-05T12:26:59 EST" name="setUpClass" finished-at="2023-01-05T12:27:03 EST" duration-ms="3813" status="PASS">
          <params>
            <param index="0">
              <value>
                <![CDATA[org.testng.TestRunner@baa9ce4]]>
              </value>
            </param>
          </params>
          <reporter-output>
          </reporter-output>
        </test-method> <!-- setUpClass -->
        <test-method signature="runScenario(io.cucumber.testng.PickleWrapper,io.cucumber.testng.FeatureWrapper)[pri:0, instance:com.runner.Runner@7494f96a]" started-at="2023-01-05T12:27:03 EST" name="runScenario" description="Runs Cucumber Scenarios" data-provider="scenarios" finished-at="2023-01-05T12:27:12 EST" duration-ms="8534" status="PASS">
          <params>
            <param index="0">
              <value>
                <![CDATA["validation of Start Page"]]>
              </value>
            </param>
            <param index="1">
              <value>
                <![CDATA["Optional[Start page]"]]>
              </value>
            </param>
          </params>
          <reporter-output>
          </reporter-output>
        </test-method> <!-- runScenario -->
        <test-method is-config="true" signature="tearDownClass()[pri:0, instance:com.runner.Runner@7494f96a]" started-at="2023-01-05T12:27:12 EST" name="tearDownClass" finished-at="2023-01-05T12:27:12 EST" duration-ms="91" status="PASS">
          <reporter-output>
          </reporter-output>
        </test-method> <!-- tearDownClass -->
      </class> <!-- com.runner.Runner -->
    </test> <!-- Test1 -->
  </suite> <!-- Suite -->
</testng-results>
